This is pdfTeX, Version 3.1415926-2.4-1.40.13 (TeX Live 2012) (format=pdflatex 2012.6.30)  29 OCT 2014 22:08
entering extended mode
 restricted \write18 enabled.
 %&-line parsing enabled.
**bardpresentation_sample.tex
(./bardpresentation_sample.tex
LaTeX2e <2011/06/27>
Babel <v3.8m> and hyphenation patterns for english, dumylang, nohyphenation, ge
rman-x-2012-05-30, ngerman-x-2012-05-30, afrikaans, ancientgreek, ibycus, arabi
c, armenian, basque, bulgarian, catalan, pinyin, coptic, croatian, czech, danis
h, dutch, ukenglish, usenglishmax, esperanto, estonian, ethiopic, farsi, finnis
h, french, friulan, galician, german, ngerman, swissgerman, monogreek, greek, h
ungarian, icelandic, assamese, bengali, gujarati, hindi, kannada, malayalam, ma
rathi, oriya, panjabi, tamil, telugu, indonesian, interlingua, irish, italian, 
kurmanji, latin, latvian, lithuanian, mongolian, mongolianlmc, bokmal, nynorsk,
 polish, portuguese, romanian, romansh, russian, sanskrit, serbian, serbianc, s
lovak, slovenian, spanish, swedish, turkish, turkmen, ukrainian, uppersorbian, 
welsh, loaded.
(/usr/local/texlive/2012/texmf-dist/tex/latex/seminar/seminar.cls
Document Class: seminar 2008/10/15, 1.5
Document Style: `seminar' v1.5 <2008/10/15> (tvz)
\slidewidth=\dimen102
\slideheight=\dimen103
\footheight=\dimen104
(/usr/local/texlive/2012/texmf-dist/tex/latex/base/article.cls
Document Class: article 2007/10/19 v1.4h Standard LaTeX document class
(/usr/local/texlive/2012/texmf-dist/tex/latex/base/size10.clo
File: size10.clo 2007/10/19 v1.4h Standard LaTeX file (size option)
)
\c@part=\count79
\c@section=\count80
\c@subsection=\count81
\c@subsubsection=\count82
\c@paragraph=\count83
\c@subparagraph=\count84
\c@figure=\count85
\c@table=\count86
\abovecaptionskip=\skip41
\belowcaptionskip=\skip42
\bibindent=\dimen105
)
(/usr/local/texlive/2012/texmf-dist/tex/latex/seminar/sem-page.sty)
\before@document=\toks14
\after@document=\toks15
\before@enddocument=\toks16
\c@slide=\count87
\slide@count=\count88
\@slidebox=\box26
\not@slidebox=\box27
\slide@hook=\toks17
\after@slide=\toks18
\slide@footins=\insert233
\slide@listdepth=\count89
\saved@specials=\box28
\before@newslide=\toks19
\after@slidepage=\toks20
\slidesep=\skip43
\c@note=\count90
\slideframewidth=\dimen106
\slideframesep=\dimen107
\semin=\dimen108
\semcm=\dimen109
)
(/usr/local/texlive/2012/texmf-dist/tex/latex/amsfonts/amsfonts.sty
Package: amsfonts 2009/06/22 v3.00 Basic AMSFonts support
\@emptytoks=\toks21
\symAMSa=\mathgroup4
\symAMSb=\mathgroup5
LaTeX Font Info:    Overwriting math alphabet `\mathfrak' in version `bold'
(Font)                  U/euf/m/n --> U/euf/b/n on input line 96.
)
(/usr/local/texlive/2012/texmf-dist/tex/latex/amsfonts/amssymb.sty
Package: amssymb 2009/06/22 v3.00
)
(/usr/local/texlive/2012/texmf-dist/tex/latex/amscls/amsthm.sty
Package: amsthm 2009/07/02 v2.20.1
\thm@style=\toks22
\thm@bodyfont=\toks23
\thm@headfont=\toks24
\thm@notefont=\toks25
\thm@headpunct=\toks26
\thm@preskip=\skip44
\thm@postskip=\skip45
\thm@headsep=\skip46
\dth@everypar=\toks27
)
(/usr/local/texlive/2012/texmf-dist/tex/latex/amsmath/amsmath.sty
Package: amsmath 2000/07/18 v2.13 AMS math features
\@mathmargin=\skip47

For additional information on amsmath, use the `?' option.
(/usr/local/texlive/2012/texmf-dist/tex/latex/amsmath/amstext.sty
Package: amstext 2000/06/29 v2.01

(/usr/local/texlive/2012/texmf-dist/tex/latex/amsmath/amsgen.sty
File: amsgen.sty 1999/11/30 v2.0
\@emptytoks=\toks28
\ex@=\dimen110
))
(/usr/local/texlive/2012/texmf-dist/tex/latex/amsmath/amsbsy.sty
Package: amsbsy 1999/11/29 v1.2d
\pmbraise@=\dimen111
)
(/usr/local/texlive/2012/texmf-dist/tex/latex/amsmath/amsopn.sty
Package: amsopn 1999/12/14 v2.01 operator names
)
\inf@bad=\count91
LaTeX Info: Redefining \frac on input line 211.
\uproot@=\count92
\leftroot@=\count93
LaTeX Info: Redefining \overline on input line 307.
\classnum@=\count94
\DOTSCASE@=\count95
LaTeX Info: Redefining \ldots on input line 379.
LaTeX Info: Redefining \dots on input line 382.
LaTeX Info: Redefining \cdots on input line 467.
\Mathstrutbox@=\box29
\strutbox@=\box30
\big@size=\dimen112
LaTeX Font Info:    Redeclaring font encoding OML on input line 567.
LaTeX Font Info:    Redeclaring font encoding OMS on input line 568.
\macc@depth=\count96
\c@MaxMatrixCols=\count97
\dotsspace@=\muskip10
\c@parentequation=\count98
\dspbrk@lvl=\count99
\tag@help=\toks29
\row@=\count100
\column@=\count101
\maxfields@=\count102
\andhelp@=\toks30
\eqnshift@=\dimen113
\alignsep@=\dimen114
\tagshift@=\dimen115
\tagwidth@=\dimen116
\totwidth@=\dimen117
\lineht@=\dimen118
\@envbody=\toks31
\multlinegap=\skip48
\multlinetaggap=\skip49
\mathdisplay@stack=\toks32
LaTeX Info: Redefining \[ on input line 2666.
LaTeX Info: Redefining \] on input line 2667.
)
(/usr/local/texlive/2012/texmf-dist/tex/latex/hyperref/hyperref.sty
Package: hyperref 2012/05/13 v6.82q Hypertext links for LaTeX

(/usr/local/texlive/2012/texmf-dist/tex/generic/oberdiek/hobsub-hyperref.sty
Package: hobsub-hyperref 2012/05/28 v1.13 Bundle oberdiek, subset hyperref (HO)


(/usr/local/texlive/2012/texmf-dist/tex/generic/oberdiek/hobsub-generic.sty
Package: hobsub-generic 2012/05/28 v1.13 Bundle oberdiek, subset generic (HO)
Package: hobsub 2012/05/28 v1.13 Construct package bundles (HO)
Package: infwarerr 2010/04/08 v1.3 Providing info/warning/error messages (HO)
Package: ltxcmds 2011/11/09 v1.22 LaTeX kernel commands for general use (HO)
Package: ifluatex 2010/03/01 v1.3 Provides the ifluatex switch (HO)
Package ifluatex Info: LuaTeX not detected.
Package: ifvtex 2010/03/01 v1.5 Detect VTeX and its facilities (HO)
Package ifvtex Info: VTeX not detected.
Package: intcalc 2007/09/27 v1.1 Expandable calculations with integers (HO)
Package: ifpdf 2011/01/30 v2.3 Provides the ifpdf switch (HO)
Package ifpdf Info: pdfTeX in PDF mode is detected.
Package: etexcmds 2011/02/16 v1.5 Avoid name clashes with e-TeX commands (HO)
Package etexcmds Info: Could not find \expanded.
(etexcmds)             That can mean that you are not using pdfTeX 1.50 or
(etexcmds)             that some package has redefined \expanded.
(etexcmds)             In the latter case, load this package earlier.
Package: kvsetkeys 2012/04/25 v1.16 Key value parser (HO)
Package: kvdefinekeys 2011/04/07 v1.3 Define keys (HO)
Package: pdftexcmds 2011/11/29 v0.20 Utility functions of pdfTeX for LuaTeX (HO
)
Package pdftexcmds Info: LuaTeX not detected.
Package pdftexcmds Info: \pdf@primitive is available.
Package pdftexcmds Info: \pdf@ifprimitive is available.
Package pdftexcmds Info: \pdfdraftmode found.
Package: pdfescape 2011/11/25 v1.13 Implements pdfTeX's escape features (HO)
Package: bigintcalc 2012/04/08 v1.3 Expandable calculations on big integers (HO
)
Package: bitset 2011/01/30 v1.1 Handle bit-vector datatype (HO)
Package: uniquecounter 2011/01/30 v1.2 Provide unlimited unique counter (HO)
)
Package hobsub Info: Skipping package `hobsub' (already loaded).
Package: letltxmacro 2010/09/02 v1.4 Let assignment for LaTeX macros (HO)
Package: hopatch 2012/05/28 v1.2 Wrapper for package hooks (HO)
Package: xcolor-patch 2011/01/30 xcolor patch
Package: atveryend 2011/06/30 v1.8 Hooks at the very end of document (HO)
Package: atbegshi 2011/10/05 v1.16 At begin shipout hook (HO)
Package: refcount 2011/10/16 v3.4 Data extraction from label references (HO)
Package: hycolor 2011/01/30 v1.7 Color options for hyperref/bookmark (HO)
)
(/usr/local/texlive/2012/texmf-dist/tex/latex/graphics/keyval.sty
Package: keyval 1999/03/16 v1.13 key=value parser (DPC)
\KV@toks@=\toks33
)
(/usr/local/texlive/2012/texmf-dist/tex/generic/ifxetex/ifxetex.sty
Package: ifxetex 2010/09/12 v0.6 Provides ifxetex conditional
)
(/usr/local/texlive/2012/texmf-dist/tex/latex/oberdiek/kvoptions.sty
Package: kvoptions 2011/06/30 v3.11 Key value format for package options (HO)
)
\@linkdim=\dimen119
\Hy@linkcounter=\count103
\Hy@pagecounter=\count104

(/usr/local/texlive/2012/texmf-dist/tex/latex/hyperref/pd1enc.def
File: pd1enc.def 2012/05/13 v6.82q Hyperref: PDFDocEncoding definition (HO)
)
\Hy@SavedSpaceFactor=\count105

(/usr/local/texlive/2012/texmf-dist/tex/latex/latexconfig/hyperref.cfg
File: hyperref.cfg 2002/06/06 v1.2 hyperref configuration of TeXLive
)
Package hyperref Info: Hyper figures OFF on input line 4062.
Package hyperref Info: Link nesting OFF on input line 4067.
Package hyperref Info: Hyper index ON on input line 4070.
Package hyperref Info: Plain pages OFF on input line 4077.
Package hyperref Info: Backreferencing OFF on input line 4082.
Package hyperref Info: Implicit mode ON; LaTeX internals redefined.
Package hyperref Info: Bookmarks ON on input line 4300.
\c@Hy@tempcnt=\count106

(/usr/local/texlive/2012/texmf-dist/tex/latex/url/url.sty
\Urlmuskip=\muskip11
Package: url 2006/04/12  ver 3.3  Verb mode for urls, etc.
)
LaTeX Info: Redefining \url on input line 4653.
\Fld@menulength=\count107
\Field@Width=\dimen120
\Fld@charsize=\dimen121
Package hyperref Info: Hyper figures OFF on input line 5773.
Package hyperref Info: Link nesting OFF on input line 5778.
Package hyperref Info: Hyper index ON on input line 5781.
Package hyperref Info: backreferencing OFF on input line 5788.
Package hyperref Info: Link coloring OFF on input line 5793.
Package hyperref Info: Link coloring with OCG OFF on input line 5798.
Package hyperref Info: PDF/A mode OFF on input line 5803.
LaTeX Info: Redefining \ref on input line 5843.
LaTeX Info: Redefining \pageref on input line 5847.
\Hy@abspage=\count108
\c@Item=\count109
\c@Hfootnote=\count110
)

Package hyperref Message: Driver (autodetected): hpdftex.

(/usr/local/texlive/2012/texmf-dist/tex/latex/hyperref/hpdftex.def
File: hpdftex.def 2012/05/13 v6.82q Hyperref driver for pdfTeX
\Fld@listcount=\count111
\c@bookmark@seq@number=\count112

(/usr/local/texlive/2012/texmf-dist/tex/latex/oberdiek/rerunfilecheck.sty
Package: rerunfilecheck 2011/04/15 v1.7 Rerun checks for auxiliary files (HO)
Package uniquecounter Info: New unique counter `rerunfilecheck' on input line 2
82.
)
\Hy@SectionHShift=\skip50
)
(/usr/local/texlive/2012/texmf-dist/tex/latex/graphics/graphicx.sty
Package: graphicx 1999/02/16 v1.0f Enhanced LaTeX Graphics (DPC,SPQR)

(/usr/local/texlive/2012/texmf-dist/tex/latex/graphics/graphics.sty
Package: graphics 2009/02/05 v1.0o Standard LaTeX Graphics (DPC,SPQR)

(/usr/local/texlive/2012/texmf-dist/tex/latex/graphics/trig.sty
Package: trig 1999/03/16 v1.09 sin cos tan (DPC)
)
(/usr/local/texlive/2012/texmf-dist/tex/latex/latexconfig/graphics.cfg
File: graphics.cfg 2010/04/23 v1.9 graphics configuration of TeX Live
)
Package graphics Info: Driver file: pdftex.def on input line 91.

(/usr/local/texlive/2012/texmf-dist/tex/latex/pdftex-def/pdftex.def
File: pdftex.def 2011/05/27 v0.06d Graphics/color for pdfTeX
\Gread@gobject=\count113
))
\Gin@req@height=\dimen122
\Gin@req@width=\dimen123
)
(/usr/local/texlive/2012/texmf-dist/tex/latex/graphics/color.sty
Package: color 2005/11/14 v1.0j Standard LaTeX Color (DPC)

(/usr/local/texlive/2012/texmf-dist/tex/latex/latexconfig/color.cfg
File: color.cfg 2007/01/18 v1.5 color configuration of teTeX/TeXLive
)
Package color Info: Driver file: pdftex.def on input line 130.
)
(/usr/local/texlive/2012/texmf-dist/tex/latex/fancybox/fancybox.sty
Package: fancybox 2010/05/15 1.4

Style option: `fancybox' v1.4 <2010/05/15> (tvz)
\@fancybox=\box31
\shadowsize=\dimen124
\@Sbox=\box32
\do@VerbBox=\toks34
\the@fancyput=\toks35
\this@fancyput=\toks36
\EndVerbatimTokens=\toks37
\Verbatim@Outfile=\write3
\Verbatim@Infile=\read1
) (./bardpresentation.sty
\c@theorem=\count114
\c@exercise=\count115
\c@problemm=\count116
\c@exercisee=\count117
\c@ffigure=\count118
) (./bardpresentation_sample.aux)
\openout1 = `bardpresentation_sample.aux'.

LaTeX Font Info:    Checking defaults for OML/cmm/m/it on input line 57.
LaTeX Font Info:    ... okay on input line 57.
LaTeX Font Info:    Checking defaults for T1/cmr/m/n on input line 57.
LaTeX Font Info:    ... okay on input line 57.
LaTeX Font Info:    Checking defaults for OT1/cmr/m/n on input line 57.
LaTeX Font Info:    ... okay on input line 57.
LaTeX Font Info:    Checking defaults for OMS/cmsy/m/n on input line 57.
LaTeX Font Info:    ... okay on input line 57.
LaTeX Font Info:    Checking defaults for OMX/cmex/m/n on input line 57.
LaTeX Font Info:    ... okay on input line 57.
LaTeX Font Info:    Checking defaults for U/cmr/m/n on input line 57.
LaTeX Font Info:    ... okay on input line 57.
LaTeX Font Info:    Checking defaults for PD1/pdf/m/n on input line 57.
LaTeX Font Info:    ... okay on input line 57.
\AtBeginShipoutBox=\box33
Package hyperref Info: Link coloring OFF on input line 57.

(/usr/local/texlive/2012/texmf-dist/tex/latex/hyperref/nameref.sty
Package: nameref 2010/04/30 v2.40 Cross-referencing by name of section

(/usr/local/texlive/2012/texmf-dist/tex/generic/oberdiek/gettitlestring.sty
Package: gettitlestring 2010/12/03 v1.4 Cleanup title references (HO)
)
\c@section@level=\count119
)
LaTeX Info: Redefining \ref on input line 57.
LaTeX Info: Redefining \pageref on input line 57.
LaTeX Info: Redefining \nameref on input line 57.

(./bardpresentation_sample.out) (./bardpresentation_sample.out)
\@outlinefile=\write4
\openout4 = `bardpresentation_sample.out'.


(/usr/local/texlive/2012/texmf-dist/tex/context/base/supp-pdf.mkii
[Loading MPS to PDF converter (version 2006.09.02).]
\scratchcounter=\count120
\scratchdimen=\dimen125
\scratchbox=\box34
\nofMPsegments=\count121
\nofMParguments=\count122
\everyMPshowfont=\toks38
\MPscratchCnt=\count123
\MPscratchDim=\dimen126
\MPnumerator=\count124
\makeMPintoPDFobject=\count125
\everyMPtoPDFconversion=\toks39
) (/usr/local/texlive/2012/texmf-dist/tex/latex/oberdiek/epstopdf-base.sty
Package: epstopdf-base 2010/02/09 v2.5 Base part for package epstopdf

(/usr/local/texlive/2012/texmf-dist/tex/latex/oberdiek/grfext.sty
Package: grfext 2010/08/19 v1.1 Manage graphics extensions (HO)
)
Package grfext Info: Graphics extension search list:
(grfext)             [.png,.pdf,.jpg,.mps,.jpeg,.jbig2,.jb2,.PNG,.PDF,.JPG,.JPE
G,.JBIG2,.JB2,.eps]
(grfext)             \AppendGraphicsExtensions on input line 452.

(/usr/local/texlive/2012/texmf-dist/tex/latex/latexconfig/epstopdf-sys.cfg
File: epstopdf-sys.cfg 2010/07/13 v1.3 Configuration of (r)epstopdf for TeX Liv
e
))
Overfull \vbox (39.36008pt too high) has occurred while \output is active []


[1


{/usr/local/texlive/2012/texmf-var/fonts/map/pdftex/updmap/pdftex.map}]
LaTeX Font Info:    Try loading font information for U+msa on input line 63.

(/usr/local/texlive/2012/texmf-dist/tex/latex/amsfonts/umsa.fd
File: umsa.fd 2009/06/22 v3.00 AMS symbols A
)
LaTeX Font Info:    Try loading font information for U+msb on input line 63.

(/usr/local/texlive/2012/texmf-dist/tex/latex/amsfonts/umsb.fd
File: umsb.fd 2009/06/22 v3.00 AMS symbols B
)
Overfull \hbox (27.83325pt too wide) in paragraph at lines 63--63
 [][][][][][] 
 []


Underfull \hbox (badness 10000) has occurred while \output is active

 []


Overfull \hbox (5.50003pt too wide) has occurred while \output is active
  $[]$ 
 []


Overfull \vbox (282.88228pt too high) has occurred while \output is active []


Overfull \hbox (19.43771pt too wide) has occurred while \output is active
  [][][][][][] 
 []


Overfull \vbox (1.91951pt too high) has occurred while \output is active []


[2

]
Overfull \hbox (27.83325pt too wide) in paragraph at lines 71--71
 [][][][][][] 
 []


Underfull \hbox (badness 10000) has occurred while \output is active

 []


Overfull \hbox (5.50003pt too wide) has occurred while \output is active
  $[]$ 
 []


Overfull \vbox (282.88228pt too high) has occurred while \output is active []


Overfull \hbox (19.43771pt too wide) has occurred while \output is active
  [][][][][][] 
 []


Overfull \vbox (1.91951pt too high) has occurred while \output is active []


[3

]
Overfull \hbox (27.83325pt too wide) in paragraph at lines 71--71
 [][][][][][] 
 []


Underfull \hbox (badness 10000) has occurred while \output is active

 []


Overfull \hbox (5.50003pt too wide) has occurred while \output is active
  $[]$ 
 []


Overfull \vbox (282.88228pt too high) has occurred while \output is active []


Overfull \hbox (19.43771pt too wide) has occurred while \output is active
  [][][][][][] 
 []


Overfull \vbox (1.91951pt too high) has occurred while \output is active []


[4

]
Overfull \hbox (27.83325pt too wide) in paragraph at lines 71--71
 [][][][][][] 
 []


Underfull \hbox (badness 10000) has occurred while \output is active

 []


Overfull \hbox (5.50003pt too wide) has occurred while \output is active
  $[]$ 
 []


Overfull \vbox (282.88228pt too high) has occurred while \output is active []


Overfull \hbox (19.43771pt too wide) has occurred while \output is active
  [][][][][][] 
 []


Overfull \vbox (1.91951pt too high) has occurred while \output is active []


[5

]
Overfull \hbox (27.83325pt too wide) in paragraph at lines 71--71
 [][][][][][] 
 []


Underfull \hbox (badness 10000) has occurred while \output is active

 []


Overfull \hbox (5.50003pt too wide) has occurred while \output is active
  $[]$ 
 []


Overfull \vbox (282.88228pt too high) has occurred while \output is active []


Overfull \hbox (19.43771pt too wide) has occurred while \output is active
  [][][][][][] 
 []


Overfull \vbox (1.91951pt too high) has occurred while \output is active []


[6

]
Overfull \hbox (27.83325pt too wide) in paragraph at lines 81--81
 [][][][][][] 
 []


Underfull \hbox (badness 10000) has occurred while \output is active

 []


Overfull \hbox (5.50003pt too wide) has occurred while \output is active
  $[]$ 
 []


Overfull \vbox (282.88228pt too high) has occurred while \output is active []


Overfull \hbox (19.43771pt too wide) has occurred while \output is active
  [][][][][][] 
 []


Overfull \vbox (1.91951pt too high) has occurred while \output is active []


[7

]
Overfull \hbox (27.83325pt too wide) in paragraph at lines 81--81
 [][][][][][] 
 []


Underfull \hbox (badness 10000) has occurred while \output is active

 []


Overfull \hbox (5.50003pt too wide) has occurred while \output is active
  $[]$ 
 []


Overfull \vbox (282.88228pt too high) has occurred while \output is active []


Overfull \hbox (19.43771pt too wide) has occurred while \output is active
  [][][][][][] 
 []


Overfull \vbox (1.91951pt too high) has occurred while \output is active []


[8

]
Overfull \hbox (27.83325pt too wide) in paragraph at lines 81--81
 [][][][][][] 
 []


Underfull \hbox (badness 10000) has occurred while \output is active

 []


Overfull \hbox (5.50003pt too wide) has occurred while \output is active
  $[]$ 
 []


Overfull \vbox (282.88228pt too high) has occurred while \output is active []


Overfull \hbox (19.43771pt too wide) has occurred while \output is active
  [][][][][][] 
 []


Overfull \vbox (1.91951pt too high) has occurred while \output is active []


[9

]
Underfull \hbox (badness 10000) has occurred while \output is active

 []


Overfull \hbox (5.50003pt too wide) has occurred while \output is active
  $[]$ 
 []


Overfull \vbox (282.88228pt too high) has occurred while \output is active []


Overfull \hbox (19.43771pt too wide) has occurred while \output is active
  [][][][][][] 
 []


Overfull \vbox (1.91951pt too high) has occurred while \output is active []


[10

]
Underfull \hbox (badness 10000) has occurred while \output is active

 []


Overfull \hbox (5.50003pt too wide) has occurred while \output is active
  $[]$ 
 []


Overfull \vbox (282.88228pt too high) has occurred while \output is active []


Overfull \hbox (19.43771pt too wide) has occurred while \output is active
  [][][][][][] 
 []


Overfull \vbox (1.91951pt too high) has occurred while \output is active []


[11

]
Underfull \hbox (badness 10000) has occurred while \output is active

 []


Overfull \hbox (5.50003pt too wide) has occurred while \output is active
  $[]$ 
 []


Overfull \vbox (282.88228pt too high) has occurred while \output is active []


Overfull \hbox (19.43771pt too wide) has occurred while \output is active
  [][][][][][] 
 []


Overfull \vbox (1.91951pt too high) has occurred while \output is active []


[12

]
\GPT@outputbox=\box35

Overfull \hbox (27.83325pt too wide) in paragraph at lines 96--96
 [][][][][][] 
 []


Underfull \hbox (badness 10000) has occurred while \output is active

 []


Overfull \hbox (5.50003pt too wide) has occurred while \output is active
  $[]$ 
 []


Overfull \vbox (282.88228pt too high) has occurred while \output is active []


Overfull \hbox (19.43771pt too wide) has occurred while \output is active
  [][][][][][] 
 []


Overfull \vbox (1.91951pt too high) has occurred while \output is active []


[13

]
Underfull \hbox (badness 10000) has occurred while \output is active
 
 []


Overfull \vbox (39.36008pt too high) has occurred while \output is active []


Overfull \hbox (19.43771pt too wide) has occurred while \output is active
  [][][][][][] 
 []


Overfull \vbox (1.91951pt too high) has occurred while \output is active []


[14

]
Underfull \hbox (badness 10000) has occurred while \output is active
 
 []


Overfull \vbox (39.36008pt too high) has occurred while \output is active []


Overfull \hbox (19.43771pt too wide) has occurred while \output is active
  [][][][][][] 
 []


Overfull \vbox (1.91951pt too high) has occurred while \output is active []


[15

]
Underfull \hbox (badness 10000) has occurred while \output is active
 
 []


Overfull \vbox (39.36008pt too high) has occurred while \output is active []


Overfull \hbox (19.43771pt too wide) has occurred while \output is active
  [][][][][][] 
 []


Overfull \vbox (1.91951pt too high) has occurred while \output is active []


[16

]
Underfull \hbox (badness 10000) has occurred while \output is active
 
 []


Overfull \vbox (39.36008pt too high) has occurred while \output is active []


Overfull \hbox (19.43771pt too wide) has occurred while \output is active
  [][][][][][] 
 []


Overfull \vbox (1.91951pt too high) has occurred while \output is active []


[17

]
Underfull \hbox (badness 10000) has occurred while \output is active
 
 []


Overfull \vbox (39.36008pt too high) has occurred while \output is active []


Overfull \hbox (19.43771pt too wide) has occurred while \output is active
  [][][][][][] 
 []


Overfull \vbox (1.91951pt too high) has occurred while \output is active []


[18

]
Underfull \hbox (badness 10000) has occurred while \output is active
 
 []


Overfull \vbox (39.36008pt too high) has occurred while \output is active []


Overfull \hbox (19.43771pt too wide) has occurred while \output is active
  [][][][][][] 
 []


Overfull \vbox (1.91951pt too high) has occurred while \output is active []


[19

]
Overfull \hbox (27.83325pt too wide) in paragraph at lines 115--115
 [][][][][][] 
 []


Underfull \hbox (badness 10000) has occurred while \output is active

 []


Overfull \hbox (5.50003pt too wide) has occurred while \output is active
  $[]$ 
 []


Overfull \vbox (282.88228pt too high) has occurred while \output is active []


Underfull \hbox (badness 10000) has occurred while \output is active
 
 []

[20

]

*******************************************************
***** !! PRINT THIS DOCUMENT IN LANDSCAPE MODE !! *****
*******************************************************
Package atveryend Info: Empty hook `BeforeClearDocument' on input line 117.
Package atveryend Info: Empty hook `AfterLastShipout' on input line 117.
(./bardpresentation_sample.aux)
Package atveryend Info: Executing hook `AtVeryEndDocument' on input line 117.
Package atveryend Info: Executing hook `AtEndAfterFileList' on input line 117.
Package rerunfilecheck Info: File `bardpresentation_sample.out' has not changed
.
(rerunfilecheck)             Checksum: D41D8CD98F00B204E9800998ECF8427E;0.
 ) 
Here is how much of TeX's memory you used:
 7756 strings out of 493488
 113968 string characters out of 3141326
 320210 words of memory out of 3000000
 10965 multiletter control sequences out of 15000+200000
 12781 words of font info for 50 fonts, out of 3000000 for 9000
 957 hyphenation exceptions out of 8191
 29i,11n,31p,270b,571s stack positions out of 5000i,500n,10000p,200000b,50000s
</usr/local/texlive/2012/texmf-dist/fonts/type1/public/amsfonts/cm/cmbx12.pfb
></usr/local/texlive/2012/texmf-dist/fonts/type1/public/amsfonts/cm/cmr10.pfb><
/usr/local/texlive/2012/texmf-dist/fonts/type1/public/amsfonts/cm/cmr12.pfb></u
sr/local/texlive/2012/texmf-dist/fonts/type1/public/amsfonts/cm/cmr17.pfb></usr
/local/texlive/2012/texmf-dist/fonts/type1/public/amsfonts/cm/cmr7.pfb></usr/lo
cal/texlive/2012/texmf-dist/fonts/type1/public/amsfonts/cm/cmsy10.pfb></usr/loc
al/texlive/2012/texmf-dist/fonts/type1/public/amsfonts/cm/cmti12.pfb>
Output written on bardpresentation_sample.pdf (20 pages, 88799 bytes).
PDF statistics:
 141 PDF objects out of 1000 (max. 8388607)
 110 compressed objects within 2 object streams
 34 named destinations out of 1000 (max. 500000)
 1 words of extra memory for PDF output out of 10000 (max. 10000000)

