This is pdfTeX, Version 3.1415926-2.4-1.40.13 (TeX Live 2012) (format=pdflatex 2012.6.30)  29 APR 2015 03:06
entering extended mode
 restricted \write18 enabled.
 %&-line parsing enabled.
**Maya_Sproj.tex
(./Maya_Sproj.tex
LaTeX2e <2011/06/27>
Babel <v3.8m> and hyphenation patterns for english, dumylang, nohyphenation, ge
rman-x-2012-05-30, ngerman-x-2012-05-30, afrikaans, ancientgreek, ibycus, arabi
c, armenian, basque, bulgarian, catalan, pinyin, coptic, croatian, czech, danis
h, dutch, ukenglish, usenglishmax, esperanto, estonian, ethiopic, farsi, finnis
h, french, friulan, galician, german, ngerman, swissgerman, monogreek, greek, h
ungarian, icelandic, assamese, bengali, gujarati, hindi, kannada, malayalam, ma
rathi, oriya, panjabi, tamil, telugu, indonesian, interlingua, irish, italian, 
kurmanji, latin, latvian, lithuanian, mongolian, mongolianlmc, bokmal, nynorsk,
 polish, portuguese, romanian, romansh, russian, sanskrit, serbian, serbianc, s
lovak, slovenian, spanish, swedish, turkish, turkmen, ukrainian, uppersorbian, 
welsh, loaded.
(/usr/local/texlive/2012/texmf-dist/tex/latex/base/book.cls
Document Class: book 2007/10/19 v1.4h Standard LaTeX document class
(/usr/local/texlive/2012/texmf-dist/tex/latex/base/bk11.clo
File: bk11.clo 2007/10/19 v1.4h Standard LaTeX file (size option)
)
\c@part=\count79
\c@chapter=\count80
\c@section=\count81
\c@subsection=\count82
\c@subsubsection=\count83
\c@paragraph=\count84
\c@subparagraph=\count85
\c@figure=\count86
\c@table=\count87
\abovecaptionskip=\skip41
\belowcaptionskip=\skip42
\bibindent=\dimen102
)
(/usr/local/texlive/2012/texmf-dist/tex/latex/amsfonts/amssymb.sty
Package: amssymb 2009/06/22 v3.00

(/usr/local/texlive/2012/texmf-dist/tex/latex/amsfonts/amsfonts.sty
Package: amsfonts 2009/06/22 v3.00 Basic AMSFonts support
\@emptytoks=\toks14
\symAMSa=\mathgroup4
\symAMSb=\mathgroup5
LaTeX Font Info:    Overwriting math alphabet `\mathfrak' in version `bold'
(Font)                  U/euf/m/n --> U/euf/b/n on input line 96.
))
(/usr/local/texlive/2012/texmf-dist/tex/latex/amscls/amsthm.sty
Package: amsthm 2009/07/02 v2.20.1
\thm@style=\toks15
\thm@bodyfont=\toks16
\thm@headfont=\toks17
\thm@notefont=\toks18
\thm@headpunct=\toks19
\thm@preskip=\skip43
\thm@postskip=\skip44
\thm@headsep=\skip45
\dth@everypar=\toks20
)
(/usr/local/texlive/2012/texmf-dist/tex/latex/amsmath/amsmath.sty
Package: amsmath 2000/07/18 v2.13 AMS math features
\@mathmargin=\skip46

For additional information on amsmath, use the `?' option.
(/usr/local/texlive/2012/texmf-dist/tex/latex/amsmath/amstext.sty
Package: amstext 2000/06/29 v2.01

(/usr/local/texlive/2012/texmf-dist/tex/latex/amsmath/amsgen.sty
File: amsgen.sty 1999/11/30 v2.0
\@emptytoks=\toks21
\ex@=\dimen103
))
(/usr/local/texlive/2012/texmf-dist/tex/latex/amsmath/amsbsy.sty
Package: amsbsy 1999/11/29 v1.2d
\pmbraise@=\dimen104
)
(/usr/local/texlive/2012/texmf-dist/tex/latex/amsmath/amsopn.sty
Package: amsopn 1999/12/14 v2.01 operator names
)
\inf@bad=\count88
LaTeX Info: Redefining \frac on input line 211.
\uproot@=\count89
\leftroot@=\count90
LaTeX Info: Redefining \overline on input line 307.
\classnum@=\count91
\DOTSCASE@=\count92
LaTeX Info: Redefining \ldots on input line 379.
LaTeX Info: Redefining \dots on input line 382.
LaTeX Info: Redefining \cdots on input line 467.
\Mathstrutbox@=\box26
\strutbox@=\box27
\big@size=\dimen105
LaTeX Font Info:    Redeclaring font encoding OML on input line 567.
LaTeX Font Info:    Redeclaring font encoding OMS on input line 568.
\macc@depth=\count93
\c@MaxMatrixCols=\count94
\dotsspace@=\muskip10
\c@parentequation=\count95
\dspbrk@lvl=\count96
\tag@help=\toks22
\row@=\count97
\column@=\count98
\maxfields@=\count99
\andhelp@=\toks23
\eqnshift@=\dimen106
\alignsep@=\dimen107
\tagshift@=\dimen108
\tagwidth@=\dimen109
\totwidth@=\dimen110
\lineht@=\dimen111
\@envbody=\toks24
\multlinegap=\skip47
\multlinetaggap=\skip48
\mathdisplay@stack=\toks25
LaTeX Info: Redefining \[ on input line 2666.
LaTeX Info: Redefining \] on input line 2667.
)
(./bardproj.sty
Bard Project Style file "bardproj" v. 1.1 released May 2007
\w@dth=\dimen112
\W@dth=\dimen113
\c@theorem=\count100
\c@exercise=\count101
\c@problemm=\count102
\c@exercisee=\count103
\c@ffigure=\count104
) (/usr/local/texlive/2012/texmf-dist/tex/latex/graphics/graphicx.sty
Package: graphicx 1999/02/16 v1.0f Enhanced LaTeX Graphics (DPC,SPQR)

(/usr/local/texlive/2012/texmf-dist/tex/latex/graphics/keyval.sty
Package: keyval 1999/03/16 v1.13 key=value parser (DPC)
\KV@toks@=\toks26
)
(/usr/local/texlive/2012/texmf-dist/tex/latex/graphics/graphics.sty
Package: graphics 2009/02/05 v1.0o Standard LaTeX Graphics (DPC,SPQR)

(/usr/local/texlive/2012/texmf-dist/tex/latex/graphics/trig.sty
Package: trig 1999/03/16 v1.09 sin cos tan (DPC)
)
(/usr/local/texlive/2012/texmf-dist/tex/latex/latexconfig/graphics.cfg
File: graphics.cfg 2010/04/23 v1.9 graphics configuration of TeX Live
)
Package graphics Info: Driver file: pdftex.def on input line 91.

(/usr/local/texlive/2012/texmf-dist/tex/latex/pdftex-def/pdftex.def
File: pdftex.def 2011/05/27 v0.06d Graphics/color for pdfTeX

(/usr/local/texlive/2012/texmf-dist/tex/generic/oberdiek/infwarerr.sty
Package: infwarerr 2010/04/08 v1.3 Providing info/warning/error messages (HO)
)
(/usr/local/texlive/2012/texmf-dist/tex/generic/oberdiek/ltxcmds.sty
Package: ltxcmds 2011/11/09 v1.22 LaTeX kernel commands for general use (HO)
)
\Gread@gobject=\count105
))
\Gin@req@height=\dimen114
\Gin@req@width=\dimen115
)
(/usr/local/texlive/2012/texmf-dist/tex/latex/graphics/color.sty
Package: color 2005/11/14 v1.0j Standard LaTeX Color (DPC)

(/usr/local/texlive/2012/texmf-dist/tex/latex/latexconfig/color.cfg
File: color.cfg 2007/01/18 v1.5 color configuration of teTeX/TeXLive
)
Package color Info: Driver file: pdftex.def on input line 130.
)
(/usr/local/texlive/2012/texmf-dist/tex/latex/caption/caption.sty
Package: caption 2012/02/19 v3.2f Customizing captions (AR)

(/usr/local/texlive/2012/texmf-dist/tex/latex/caption/caption3.sty
Package: caption3 2012/01/12 v1.4b caption3 kernel (AR)
\captionmargin=\dimen116
\captionmargin@=\dimen117
\captionwidth=\dimen118
\caption@indent=\dimen119
\caption@parindent=\dimen120
\caption@hangindent=\dimen121
Package caption Info: Unknown document class (or package),
(caption)             standard defaults will be used.
)

Package caption Warning: Unsupported document class (or package) detected,
(caption)                usage of the caption package is not recommended.
See the caption package documentation for explanation.

Package caption Info: \@makecaption = \long macro:#1#2->\vskip \abovecaptionski
p \sbox \@tempboxa {#1. #2}\ifdim \wd \@tempboxa >\hsize #1. #2\par \else \glob
al \@minipagefalse \hbox to\hsize {\hfil \box \@tempboxa \hfil }\fi \vskip \bel
owcaptionskip .
\c@ContinuedFloat=\count106
) (/usr/local/texlive/2012/texmf-dist/tex/latex/caption/subcaption.sty
Package: subcaption 2012/01/12 v1.1d Sub-captions (AR)
\c@subfigure=\count107
\c@subtable=\count108
)
(/usr/local/texlive/2012/texmf-dist/tex/latex/tools/bm.sty
Package: bm 2004/02/26 v1.1c Bold Symbol Support (DPC/FMi)
\symboldoperators=\mathgroup6
\symboldletters=\mathgroup7
\symboldsymbols=\mathgroup8
LaTeX Font Info:    Redeclaring math alphabet \mathbf on input line 138.
LaTeX Info: Redefining \bm on input line 204.
)
(/usr/local/texlive/2012/texmf-dist/tex/latex/url/url.sty
\Urlmuskip=\muskip11
Package: url 2006/04/12  ver 3.3  Verb mode for urls, etc.
)
(/usr/local/texlive/2012/texmf-dist/tex/latex/amsrefs/amsrefs.sty
Package: amsrefs 2012/05/08 v2.10

(/usr/local/texlive/2012/texmf-dist/tex/latex/amsrefs/pcatcode.sty
Package: pcatcode 2002/04/16 v1.04
)
(/usr/local/texlive/2012/texmf-dist/tex/latex/amsrefs/ifoption.sty
Package: ifoption 2002/03/04 v1.02
)
(/usr/local/texlive/2012/texmf-dist/tex/latex/amsrefs/rkeyval.sty
Package: rkeyval 2004/05/05 v1.08
\@temptokenb=\toks27
\rsk@toks=\toks28
)
\c@bib=\count109
\@maxlabelwidth=\dimen122
\c@bib@env=\count110
\bib@dbfile=\read1
\alpha@suffix=\count111
\series@index=\count112
)
(/usr/local/texlive/2012/texmf-dist/tex/latex/enumitem/enumitem.sty
Package: enumitem 2011/09/28 v3.5.2 Customized lists
\labelindent=\skip49
\enit@outerparindent=\dimen123
\enit@toks=\toks29
\enit@inbox=\box28
\enitdp@description=\count113
)
(/usr/local/texlive/2012/texmf-dist/tex/latex/float/float.sty
Package: float 2001/11/08 v1.3d Float enhancements (AL)
\c@float@type=\count114
\float@exts=\toks30
\float@box=\box29
\@float@everytoks=\toks31
\@floatcapt=\box30
)
(/usr/local/texlive/2012/texmf-dist/tex/latex/pgf/frontendlayer/tikz.sty
(/usr/local/texlive/2012/texmf-dist/tex/latex/pgf/basiclayer/pgf.sty
(/usr/local/texlive/2012/texmf-dist/tex/latex/pgf/utilities/pgfrcs.sty
(/usr/local/texlive/2012/texmf-dist/tex/generic/pgf/utilities/pgfutil-common.te
x
\pgfutil@everybye=\toks32
)
(/usr/local/texlive/2012/texmf-dist/tex/generic/pgf/utilities/pgfutil-latex.def
\pgfutil@abb=\box31
(/usr/local/texlive/2012/texmf-dist/tex/latex/ms/everyshi.sty
Package: everyshi 2001/05/15 v3.00 EveryShipout Package (MS)
))
(/usr/local/texlive/2012/texmf-dist/tex/generic/pgf/utilities/pgfrcs.code.tex
Package: pgfrcs 2010/10/25 v2.10 (rcs-revision 1.24)
))
Package: pgf 2008/01/15 v2.10 (rcs-revision 1.12)
(/usr/local/texlive/2012/texmf-dist/tex/latex/pgf/basiclayer/pgfcore.sty
(/usr/local/texlive/2012/texmf-dist/tex/latex/pgf/systemlayer/pgfsys.sty
(/usr/local/texlive/2012/texmf-dist/tex/generic/pgf/systemlayer/pgfsys.code.tex
Package: pgfsys 2010/06/30 v2.10 (rcs-revision 1.37)
(/usr/local/texlive/2012/texmf-dist/tex/generic/pgf/utilities/pgfkeys.code.tex
\pgfkeys@pathtoks=\toks33
\pgfkeys@temptoks=\toks34

(/usr/local/texlive/2012/texmf-dist/tex/generic/pgf/utilities/pgfkeysfiltered.c
ode.tex
\pgfkeys@tmptoks=\toks35
))
\pgf@x=\dimen124
\pgf@y=\dimen125
\pgf@xa=\dimen126
\pgf@ya=\dimen127
\pgf@xb=\dimen128
\pgf@yb=\dimen129
\pgf@xc=\dimen130
\pgf@yc=\dimen131
\w@pgf@writea=\write3
\r@pgf@reada=\read2
\c@pgf@counta=\count115
\c@pgf@countb=\count116
\c@pgf@countc=\count117
\c@pgf@countd=\count118

(/usr/local/texlive/2012/texmf-dist/tex/generic/pgf/systemlayer/pgf.cfg
File: pgf.cfg 2008/05/14  (rcs-revision 1.7)
)
Package pgfsys Info: Driver file for pgf: pgfsys-pdftex.def on input line 900.

(/usr/local/texlive/2012/texmf-dist/tex/generic/pgf/systemlayer/pgfsys-pdftex.d
ef
File: pgfsys-pdftex.def 2009/05/22  (rcs-revision 1.26)

(/usr/local/texlive/2012/texmf-dist/tex/generic/pgf/systemlayer/pgfsys-common-p
df.def
File: pgfsys-common-pdf.def 2008/05/19  (rcs-revision 1.10)
)))
(/usr/local/texlive/2012/texmf-dist/tex/generic/pgf/systemlayer/pgfsyssoftpath.
code.tex
File: pgfsyssoftpath.code.tex 2008/07/18  (rcs-revision 1.7)
\pgfsyssoftpath@smallbuffer@items=\count119
\pgfsyssoftpath@bigbuffer@items=\count120
)
(/usr/local/texlive/2012/texmf-dist/tex/generic/pgf/systemlayer/pgfsysprotocol.
code.tex
File: pgfsysprotocol.code.tex 2006/10/16  (rcs-revision 1.4)
)) (/usr/local/texlive/2012/texmf-dist/tex/latex/xcolor/xcolor.sty
Package: xcolor 2007/01/21 v2.11 LaTeX color extensions (UK)

(/usr/local/texlive/2012/texmf-dist/tex/latex/latexconfig/color.cfg
File: color.cfg 2007/01/18 v1.5 color configuration of teTeX/TeXLive
)
Package xcolor Info: Driver file: pdftex.def on input line 225.
LaTeX Info: Redefining \color on input line 702.
Package xcolor Info: Model `cmy' substituted by `cmy0' on input line 1337.
Package xcolor Info: Model `hsb' substituted by `rgb' on input line 1341.
Package xcolor Info: Model `RGB' extended on input line 1353.
Package xcolor Info: Model `HTML' substituted by `rgb' on input line 1355.
Package xcolor Info: Model `Hsb' substituted by `hsb' on input line 1356.
Package xcolor Info: Model `tHsb' substituted by `hsb' on input line 1357.
Package xcolor Info: Model `HSB' substituted by `hsb' on input line 1358.
Package xcolor Info: Model `Gray' substituted by `gray' on input line 1359.
Package xcolor Info: Model `wave' substituted by `hsb' on input line 1360.
)
(/usr/local/texlive/2012/texmf-dist/tex/generic/pgf/basiclayer/pgfcore.code.tex
Package: pgfcore 2010/04/11 v2.10 (rcs-revision 1.7)
(/usr/local/texlive/2012/texmf-dist/tex/generic/pgf/math/pgfmath.code.tex
(/usr/local/texlive/2012/texmf-dist/tex/generic/pgf/math/pgfmathcalc.code.tex
(/usr/local/texlive/2012/texmf-dist/tex/generic/pgf/math/pgfmathutil.code.tex)
(/usr/local/texlive/2012/texmf-dist/tex/generic/pgf/math/pgfmathparser.code.tex
\pgfmath@dimen=\dimen132
\pgfmath@count=\count121
\pgfmath@box=\box32
\pgfmath@toks=\toks36
\pgfmath@stack@operand=\toks37
\pgfmath@stack@operation=\toks38
)
(/usr/local/texlive/2012/texmf-dist/tex/generic/pgf/math/pgfmathfunctions.code.
tex
(/usr/local/texlive/2012/texmf-dist/tex/generic/pgf/math/pgfmathfunctions.basic
.code.tex)
(/usr/local/texlive/2012/texmf-dist/tex/generic/pgf/math/pgfmathfunctions.trigo
nometric.code.tex)
(/usr/local/texlive/2012/texmf-dist/tex/generic/pgf/math/pgfmathfunctions.rando
m.code.tex)
(/usr/local/texlive/2012/texmf-dist/tex/generic/pgf/math/pgfmathfunctions.compa
rison.code.tex)
(/usr/local/texlive/2012/texmf-dist/tex/generic/pgf/math/pgfmathfunctions.base.
code.tex)
(/usr/local/texlive/2012/texmf-dist/tex/generic/pgf/math/pgfmathfunctions.round
.code.tex)
(/usr/local/texlive/2012/texmf-dist/tex/generic/pgf/math/pgfmathfunctions.misc.
code.tex)))
(/usr/local/texlive/2012/texmf-dist/tex/generic/pgf/math/pgfmathfloat.code.tex
\c@pgfmathroundto@lastzeros=\count122
))
(/usr/local/texlive/2012/texmf-dist/tex/generic/pgf/basiclayer/pgfcorepoints.co
de.tex
File: pgfcorepoints.code.tex 2010/04/09  (rcs-revision 1.20)
\pgf@picminx=\dimen133
\pgf@picmaxx=\dimen134
\pgf@picminy=\dimen135
\pgf@picmaxy=\dimen136
\pgf@pathminx=\dimen137
\pgf@pathmaxx=\dimen138
\pgf@pathminy=\dimen139
\pgf@pathmaxy=\dimen140
\pgf@xx=\dimen141
\pgf@xy=\dimen142
\pgf@yx=\dimen143
\pgf@yy=\dimen144
\pgf@zx=\dimen145
\pgf@zy=\dimen146
)
(/usr/local/texlive/2012/texmf-dist/tex/generic/pgf/basiclayer/pgfcorepathconst
ruct.code.tex
File: pgfcorepathconstruct.code.tex 2010/08/03  (rcs-revision 1.24)
\pgf@path@lastx=\dimen147
\pgf@path@lasty=\dimen148
)
(/usr/local/texlive/2012/texmf-dist/tex/generic/pgf/basiclayer/pgfcorepathusage
.code.tex
File: pgfcorepathusage.code.tex 2008/04/22  (rcs-revision 1.12)
\pgf@shorten@end@additional=\dimen149
\pgf@shorten@start@additional=\dimen150
)
(/usr/local/texlive/2012/texmf-dist/tex/generic/pgf/basiclayer/pgfcorescopes.co
de.tex
File: pgfcorescopes.code.tex 2010/09/08  (rcs-revision 1.34)
\pgfpic=\box33
\pgf@hbox=\box34
\pgf@layerbox@main=\box35
\pgf@picture@serial@count=\count123
)
(/usr/local/texlive/2012/texmf-dist/tex/generic/pgf/basiclayer/pgfcoregraphicst
ate.code.tex
File: pgfcoregraphicstate.code.tex 2008/04/22  (rcs-revision 1.9)
\pgflinewidth=\dimen151
)
(/usr/local/texlive/2012/texmf-dist/tex/generic/pgf/basiclayer/pgfcoretransform
ations.code.tex
File: pgfcoretransformations.code.tex 2009/06/10  (rcs-revision 1.11)
\pgf@pt@x=\dimen152
\pgf@pt@y=\dimen153
\pgf@pt@temp=\dimen154
)
(/usr/local/texlive/2012/texmf-dist/tex/generic/pgf/basiclayer/pgfcorequick.cod
e.tex
File: pgfcorequick.code.tex 2008/10/09  (rcs-revision 1.3)
)
(/usr/local/texlive/2012/texmf-dist/tex/generic/pgf/basiclayer/pgfcoreobjects.c
ode.tex
File: pgfcoreobjects.code.tex 2006/10/11  (rcs-revision 1.2)
)
(/usr/local/texlive/2012/texmf-dist/tex/generic/pgf/basiclayer/pgfcorepathproce
ssing.code.tex
File: pgfcorepathprocessing.code.tex 2008/10/09  (rcs-revision 1.8)
)
(/usr/local/texlive/2012/texmf-dist/tex/generic/pgf/basiclayer/pgfcorearrows.co
de.tex
File: pgfcorearrows.code.tex 2008/04/23  (rcs-revision 1.11)
)
(/usr/local/texlive/2012/texmf-dist/tex/generic/pgf/basiclayer/pgfcoreshade.cod
e.tex
File: pgfcoreshade.code.tex 2008/11/23  (rcs-revision 1.13)
\pgf@max=\dimen155
\pgf@sys@shading@range@num=\count124
)
(/usr/local/texlive/2012/texmf-dist/tex/generic/pgf/basiclayer/pgfcoreimage.cod
e.tex
File: pgfcoreimage.code.tex 2010/03/25  (rcs-revision 1.16)

(/usr/local/texlive/2012/texmf-dist/tex/generic/pgf/basiclayer/pgfcoreexternal.
code.tex
File: pgfcoreexternal.code.tex 2010/09/01  (rcs-revision 1.17)
\pgfexternal@startupbox=\box36
))
(/usr/local/texlive/2012/texmf-dist/tex/generic/pgf/basiclayer/pgfcorelayers.co
de.tex
File: pgfcorelayers.code.tex 2010/08/27  (rcs-revision 1.2)
)
(/usr/local/texlive/2012/texmf-dist/tex/generic/pgf/basiclayer/pgfcoretranspare
ncy.code.tex
File: pgfcoretransparency.code.tex 2008/01/17  (rcs-revision 1.2)
)
(/usr/local/texlive/2012/texmf-dist/tex/generic/pgf/basiclayer/pgfcorepatterns.
code.tex
File: pgfcorepatterns.code.tex 2009/07/02  (rcs-revision 1.3)
)))
(/usr/local/texlive/2012/texmf-dist/tex/generic/pgf/modules/pgfmoduleshapes.cod
e.tex
File: pgfmoduleshapes.code.tex 2010/09/09  (rcs-revision 1.13)
\pgfnodeparttextbox=\box37
)
(/usr/local/texlive/2012/texmf-dist/tex/generic/pgf/modules/pgfmoduleplot.code.
tex
File: pgfmoduleplot.code.tex 2010/10/22  (rcs-revision 1.8)
)
(/usr/local/texlive/2012/texmf-dist/tex/latex/pgf/compatibility/pgfcomp-version
-0-65.sty
Package: pgfcomp-version-0-65 2007/07/03 v2.10 (rcs-revision 1.7)
\pgf@nodesepstart=\dimen156
\pgf@nodesepend=\dimen157
)
(/usr/local/texlive/2012/texmf-dist/tex/latex/pgf/compatibility/pgfcomp-version
-1-18.sty
Package: pgfcomp-version-1-18 2007/07/23 v2.10 (rcs-revision 1.1)
))
(/usr/local/texlive/2012/texmf-dist/tex/latex/pgf/utilities/pgffor.sty
(/usr/local/texlive/2012/texmf-dist/tex/latex/pgf/utilities/pgfkeys.sty
(/usr/local/texlive/2012/texmf-dist/tex/generic/pgf/utilities/pgfkeys.code.tex)
) (/usr/local/texlive/2012/texmf-dist/tex/generic/pgf/utilities/pgffor.code.tex
Package: pgffor 2010/03/23 v2.10 (rcs-revision 1.18)
\pgffor@iter=\dimen158
\pgffor@skip=\dimen159
\pgffor@stack=\toks39
\pgffor@toks=\toks40
))
(/usr/local/texlive/2012/texmf-dist/tex/generic/pgf/frontendlayer/tikz/tikz.cod
e.tex
Package: tikz 2010/10/13 v2.10 (rcs-revision 1.76)

(/usr/local/texlive/2012/texmf-dist/tex/generic/pgf/libraries/pgflibraryplothan
dlers.code.tex
File: pgflibraryplothandlers.code.tex 2010/05/31 v2.10 (rcs-revision 1.15)
\pgf@plot@mark@count=\count125
\pgfplotmarksize=\dimen160
)
\tikz@lastx=\dimen161
\tikz@lasty=\dimen162
\tikz@lastxsaved=\dimen163
\tikz@lastysaved=\dimen164
\tikzleveldistance=\dimen165
\tikzsiblingdistance=\dimen166
\tikz@figbox=\box38
\tikz@tempbox=\box39
\tikztreelevel=\count126
\tikznumberofchildren=\count127
\tikznumberofcurrentchild=\count128
\tikz@fig@count=\count129

(/usr/local/texlive/2012/texmf-dist/tex/generic/pgf/modules/pgfmodulematrix.cod
e.tex
File: pgfmodulematrix.code.tex 2010/08/24  (rcs-revision 1.4)
\pgfmatrixcurrentrow=\count130
\pgfmatrixcurrentcolumn=\count131
\pgf@matrix@numberofcolumns=\count132
)
\tikz@expandcount=\count133

(/usr/local/texlive/2012/texmf-dist/tex/generic/pgf/frontendlayer/tikz/librarie
s/tikzlibrarytopaths.code.tex
File: tikzlibrarytopaths.code.tex 2008/06/17 v2.10 (rcs-revision 1.2)
)))
(/usr/local/texlive/2012/texmf-dist/tex/generic/pgf/frontendlayer/tikz/librarie
s/tikzlibraryshadows.code.tex
File: tikzlibraryshadows.code.tex 2008/01/13 v2.10 (rcs-revision 1.3)

(/usr/local/texlive/2012/texmf-dist/tex/generic/pgf/frontendlayer/tikz/librarie
s/tikzlibraryfadings.code.tex
File: tikzlibraryfadings.code.tex 2009/11/15 v2.10 (rcs-revision 1.2)

(/usr/local/texlive/2012/texmf-dist/tex/generic/pgf/libraries/pgflibraryfadings
.code.tex
File: pgflibraryfadings.code.tex 2008/02/07 v2.10 (rcs-revision 1.3)
)))
(/usr/local/texlive/2012/texmf-dist/tex/generic/pgf/frontendlayer/tikz/librarie
s/tikzlibrarycalc.code.tex
File: tikzlibrarycalc.code.tex 2009/09/04 v2.10 (rcs-revision 1.6)
)
\pgf@layerbox@shadow=\box40
\pgf@layerboxsaved@shadow=\box41
\mybox=\box42
\mylen=\skip50
 (./Maya_Sproj.aux)
\openout1 = `Maya_Sproj.aux'.

LaTeX Font Info:    Checking defaults for OML/cmm/m/it on input line 114.
LaTeX Font Info:    ... okay on input line 114.
LaTeX Font Info:    Checking defaults for T1/cmr/m/n on input line 114.
LaTeX Font Info:    ... okay on input line 114.
LaTeX Font Info:    Checking defaults for OT1/cmr/m/n on input line 114.
LaTeX Font Info:    ... okay on input line 114.
LaTeX Font Info:    Checking defaults for OMS/cmsy/m/n on input line 114.
LaTeX Font Info:    ... okay on input line 114.
LaTeX Font Info:    Checking defaults for OMX/cmex/m/n on input line 114.
LaTeX Font Info:    ... okay on input line 114.
LaTeX Font Info:    Checking defaults for U/cmr/m/n on input line 114.
LaTeX Font Info:    ... okay on input line 114.

(/usr/local/texlive/2012/texmf-dist/tex/context/base/supp-pdf.mkii
[Loading MPS to PDF converter (version 2006.09.02).]
\scratchcounter=\count134
\scratchdimen=\dimen167
\scratchbox=\box43
\nofMPsegments=\count135
\nofMParguments=\count136
\everyMPshowfont=\toks41
\MPscratchCnt=\count137
\MPscratchDim=\dimen168
\MPnumerator=\count138
\makeMPintoPDFobject=\count139
\everyMPtoPDFconversion=\toks42
) (/usr/local/texlive/2012/texmf-dist/tex/generic/oberdiek/pdftexcmds.sty
Package: pdftexcmds 2011/11/29 v0.20 Utility functions of pdfTeX for LuaTeX (HO
)

(/usr/local/texlive/2012/texmf-dist/tex/generic/oberdiek/ifluatex.sty
Package: ifluatex 2010/03/01 v1.3 Provides the ifluatex switch (HO)
Package ifluatex Info: LuaTeX not detected.
)
(/usr/local/texlive/2012/texmf-dist/tex/generic/oberdiek/ifpdf.sty
Package: ifpdf 2011/01/30 v2.3 Provides the ifpdf switch (HO)
Package ifpdf Info: pdfTeX in PDF mode is detected.
)
Package pdftexcmds Info: LuaTeX not detected.
Package pdftexcmds Info: \pdf@primitive is available.
Package pdftexcmds Info: \pdf@ifprimitive is available.
Package pdftexcmds Info: \pdfdraftmode found.
)
(/usr/local/texlive/2012/texmf-dist/tex/latex/oberdiek/epstopdf-base.sty
Package: epstopdf-base 2010/02/09 v2.5 Base part for package epstopdf

(/usr/local/texlive/2012/texmf-dist/tex/latex/oberdiek/grfext.sty
Package: grfext 2010/08/19 v1.1 Manage graphics extensions (HO)

(/usr/local/texlive/2012/texmf-dist/tex/generic/oberdiek/kvdefinekeys.sty
Package: kvdefinekeys 2011/04/07 v1.3 Define keys (HO)
))
(/usr/local/texlive/2012/texmf-dist/tex/latex/oberdiek/kvoptions.sty
Package: kvoptions 2011/06/30 v3.11 Key value format for package options (HO)

(/usr/local/texlive/2012/texmf-dist/tex/generic/oberdiek/kvsetkeys.sty
Package: kvsetkeys 2012/04/25 v1.16 Key value parser (HO)

(/usr/local/texlive/2012/texmf-dist/tex/generic/oberdiek/etexcmds.sty
Package: etexcmds 2011/02/16 v1.5 Avoid name clashes with e-TeX commands (HO)
Package etexcmds Info: Could not find \expanded.
(etexcmds)             That can mean that you are not using pdfTeX 1.50 or
(etexcmds)             that some package has redefined \expanded.
(etexcmds)             In the latter case, load this package earlier.
)))
Package grfext Info: Graphics extension search list:
(grfext)             [.png,.pdf,.jpg,.mps,.jpeg,.jbig2,.jb2,.PNG,.PDF,.JPG,.JPE
G,.JBIG2,.JB2,.eps]
(grfext)             \AppendGraphicsExtensions on input line 452.

(/usr/local/texlive/2012/texmf-dist/tex/latex/latexconfig/epstopdf-sys.cfg
File: epstopdf-sys.cfg 2010/07/13 v1.3 Configuration of (r)epstopdf for TeX Liv
e
))
Package caption Info: Begin \AtBeginDocument code.
Package caption Info: float package is loaded.
Package caption Info: End \AtBeginDocument code.

ABD: EveryShipout initializing macros [1


{/usr/local/texlive/2012/texmf-var/fonts/map/pdftex/updmap/pdftex.map}] [1

] (./Maya_Sproj.toc
LaTeX Font Info:    Try loading font information for U+msa on input line 5.

(/usr/local/texlive/2012/texmf-dist/tex/latex/amsfonts/umsa.fd
File: umsa.fd 2009/06/22 v3.00 AMS symbols A
)
LaTeX Font Info:    Try loading font information for U+msb on input line 5.

(/usr/local/texlive/2012/texmf-dist/tex/latex/amsfonts/umsb.fd
File: umsb.fd 2009/06/22 v3.00 AMS symbols B
) [2

])
\tf@toc=\write4
\openout4 = `Maya_Sproj.toc'.

 [3]
(./Maya_Sproj.lof
Underfull \vbox (badness 4403) has occurred while \output is active []

 [4

])
\tf@lof=\write5
\openout5 = `Maya_Sproj.lof'.


[5] [6

] [7

]
 1.
<data/examples/Holbein_wiki.jpg, id=55, 1027.84pt x 1012.78375pt>
File: data/examples/Holbein_wiki.jpg Graphic file (type jpg)

<use data/examples/Holbein_wiki.jpg>
Package pdftex.def Info: data/examples/Holbein_wiki.jpg used on input line 190.

(pdftex.def)             Requested size: 213.19627pt x 210.0637pt.
File: data/examples/Holbein_wiki.jpg Graphic file (type jpg)
 <use data/examples/Holbein_wiki.jpg>
Package pdftex.def Info: data/examples/Holbein_wiki.jpg used on input line 190.

(pdftex.def)             Requested size: 213.19627pt x 210.0637pt.


LaTeX Warning: `h' float specifier changed to `ht'.

<data/examples/Holbein_Skull_wiki.jpg, id=59, 513.92pt x 506.89375pt>
File: data/examples/Holbein_Skull_wiki.jpg Graphic file (type jpg)

<use data/examples/Holbein_Skull_wiki.jpg>
Package pdftex.def Info: data/examples/Holbein_Skull_wiki.jpg used on input lin
e 197.
(pdftex.def)             Requested size: 149.23999pt x 147.19652pt.
File: data/examples/Holbein_Skull_wiki.jpg Graphic file (type jpg)

<use data/examples/Holbein_Skull_wiki.jpg>
Package pdftex.def Info: data/examples/Holbein_Skull_wiki.jpg used on input lin
e 197.
(pdftex.def)             Requested size: 149.23999pt x 147.19652pt.

Underfull \vbox (badness 10000) has occurred while \output is active []

 [8

]
[9 <./data/examples/Holbein_wiki.jpg> <./data/examples/Holbein_Skull_wiki.jpg>]
<data/examples/bikes.jpg, id=69, 97.8054pt x 76.6062pt>
File: data/examples/bikes.jpg Graphic file (type jpg)

<use data/examples/bikes.jpg>
Package pdftex.def Info: data/examples/bikes.jpg used on input line 210.
(pdftex.def)             Requested size: 213.19627pt x 166.99934pt.


Package amsrefs Warning: Use of \cites is recommended instead of \cite 
(amsrefs)                for multiple cites 'sukthankar2001smarter, brazzini200
5computer' on input line 236.

[10 <./data/examples/bikes.jpg>] [11] [12]
 2.
<data/pinhole_camera/pinhole_big.png, id=80, 748.7975pt x 529.98pt>
File: data/pinhole_camera/pinhole_big.png Graphic file (type png)

<use data/pinhole_camera/pinhole_big.png>
Package pdftex.def Info: data/pinhole_camera/pinhole_big.png used on input line
 366.
(pdftex.def)             Requested size: 255.83812pt x 181.07227pt.

Underfull \vbox (badness 10000) has occurred while \output is active []

 [13

]
Underfull \vbox (badness 10000) has occurred while \output is active []

 [14 <./data/pinhole_camera/pinhole_big.png>]
Underfull \vbox (badness 10000) has occurred while \output is active []

 [15]
[16] [17]
Overfull \hbox (3.52682pt too wide) in paragraph at lines 500--502
\OT1/cmr/m/n/10.95 which in ho-mo-ge-neous rep-re-sen-ta-tion is equiv-a-lent t
o $[]$,
 []

[18] <data/2Dtransformations.png, id=108, 427.5975pt x 146.5475pt>
File: data/2Dtransformations.png Graphic file (type png)

<use data/2Dtransformations.png>
Package pdftex.def Info: data/2Dtransformations.png used on input line 540.
(pdftex.def)             Requested size: 383.75069pt x 131.52031pt.
 [19 <./data/2Dtransformations.png>] [20]
[21] [22] [23]
 3.
[24

]
Underfull \vbox (badness 10000) has occurred while \output is active []

 [25]
[26] [27] [28]

LaTeX Warning: `h' float specifier changed to `ht'.

[29] <data/schemat/diagram3screens.png, id=147, 1253.68375pt x 711.65875pt>
File: data/schemat/diagram3screens.png Graphic file (type png)

<use data/schemat/diagram3screens.png>
Package pdftex.def Info: data/schemat/diagram3screens.png used on input line 10
67.
(pdftex.def)             Requested size: 255.83812pt x 145.21773pt.

Underfull \vbox (badness 10000) has occurred while \output is active []

 [30 <./data/schemat/diagram3screens.png>] [31] [32]
Underfull \vbox (badness 10000) has occurred while \output is active []

 [33]
Underfull \vbox (badness 3884) has occurred while \output is active []

 [34]
[35] [36]
 4.
[37

]
Underfull \hbox (badness 5133) in paragraph at lines 1462--1462
[]\OT1/cmr/m/n/10.95 anamorph or
 []


Underfull \hbox (badness 10000) in paragraph at lines 1462--1462
\OT1/cmr/m/n/10.95 anamor-phic
 []

[38]
<data/result_rect/setup/setup1_view.png, id=178, 1494.58376pt x 552.0625pt>
File: data/result_rect/setup/setup1_view.png Graphic file (type png)

<use data/result_rect/setup/setup1_view.png>
Package pdftex.def Info: data/result_rect/setup/setup1_view.png used on input l
ine 1487.
(pdftex.def)             Requested size: 426.39255pt x 157.4995pt.

<data/result_rect/setup/setup1_viewAnamorph.png, id=179, 1494.58376pt x 552.062
5pt>
File: data/result_rect/setup/setup1_viewAnamorph.png Graphic file (type png)
 <use data/result_rect/setup/setup1_viewAnamorph.png>
Package pdftex.def Info: data/result_rect/setup/setup1_viewAnamorph.png used on
 input line 1494.
(pdftex.def)             Requested size: 426.39255pt x 157.4995pt.

<data/result_rect/corners.jpg, id=180, 851.18pt x 481.8pt>
File: data/result_rect/corners.jpg Graphic file (type jpg)

<use data/result_rect/corners.jpg>
Package pdftex.def Info: data/result_rect/corners.jpg used on input line 1507.
(pdftex.def)             Requested size: 191.87534pt x 108.60616pt.
File: data/result_rect/corners.jpg Graphic file (type jpg)
 <use data/result_rect/corners.jpg>
Package pdftex.def Info: data/result_rect/corners.jpg used on input line 1507.
(pdftex.def)             Requested size: 191.87534pt x 108.60616pt.

Overfull \hbox (5.19687pt too wide) in paragraph at lines 1507--1508
 [][] 
 []

<data/result_rect/pre_anamorph.jpg, id=181, 851.18pt x 481.8pt>
File: data/result_rect/pre_anamorph.jpg Graphic file (type jpg)

<use data/result_rect/pre_anamorph.jpg>
Package pdftex.def Info: data/result_rect/pre_anamorph.jpg used on input line 1
513.
(pdftex.def)             Requested size: 191.87534pt x 108.60616pt.
File: data/result_rect/pre_anamorph.jpg Graphic file (type jpg)

<use data/result_rect/pre_anamorph.jpg>
Package pdftex.def Info: data/result_rect/pre_anamorph.jpg used on input line 1
513.
(pdftex.def)             Requested size: 191.87534pt x 108.60616pt.

Overfull \hbox (5.19687pt too wide) in paragraph at lines 1513--1514
 [][] 
 []

<data/result_rect/anamorph.jpg, id=182, 851.18pt x 481.8pt>
File: data/result_rect/anamorph.jpg Graphic file (type jpg)

<use data/result_rect/anamorph.jpg>
Package pdftex.def Info: data/result_rect/anamorph.jpg used on input line 1520.

(pdftex.def)             Requested size: 191.87534pt x 108.60616pt.
File: data/result_rect/anamorph.jpg Graphic file (type jpg)
 <use data/result_rect/anamorph.jpg>
Package pdftex.def Info: data/result_rect/anamorph.jpg used on input line 1520.

(pdftex.def)             Requested size: 191.87534pt x 108.60616pt.

Overfull \hbox (5.19687pt too wide) in paragraph at lines 1519--1521
 [] 
 []

<data/result_rect/result.jpg, id=183, 851.18pt x 481.8pt>
File: data/result_rect/result.jpg Graphic file (type jpg)

<use data/result_rect/result.jpg>
Package pdftex.def Info: data/result_rect/result.jpg used on input line 1526.
(pdftex.def)             Requested size: 191.87534pt x 108.60616pt.
File: data/result_rect/result.jpg Graphic file (type jpg)
 <use data/result_rect/result.jpg>
Package pdftex.def Info: data/result_rect/result.jpg used on input line 1526.
(pdftex.def)             Requested size: 191.87534pt x 108.60616pt.

Overfull \hbox (5.19687pt too wide) in paragraph at lines 1526--1527
 [][] 
 []


LaTeX Warning: `h' float specifier changed to `ht'.

[39 <./data/result_rect/setup/setup1_view.png> <./data/result_rect/setup/setup1
_viewAnamorph.png>]
Underfull \vbox (badness 4899) has occurred while \output is active []

 [40 <./data/result_rect/corners.jpg> <./data/result_rect/pre_anamorph.jpg> <./
data/result_rect/anamorph.jpg> <./data/result_rect/result.jpg>]
Underfull \vbox (badness 10000) has occurred while \output is active []

 [41]
<data/result_rect/projection_out_of_bound.png, id=195, 1778.645pt x 782.925pt>
File: data/result_rect/projection_out_of_bound.png Graphic file (type png)

<use data/result_rect/projection_out_of_bound.png>
Package pdftex.def Info: data/result_rect/projection_out_of_bound.png used on i
nput line 1571.
(pdftex.def)             Requested size: 383.75069pt x 168.91096pt.

Underfull \vbox (badness 3568) has occurred while \output is active []

 [42 <./data/result_rect/projection_out_of_bound.png>]
<data/result_rect/error/error_anamorph.jpg, id=201, 851.18pt x 481.8pt>
File: data/result_rect/error/error_anamorph.jpg Graphic file (type jpg)

<use data/result_rect/error/error_anamorph.jpg>
Package pdftex.def Info: data/result_rect/error/error_anamorph.jpg used on inpu
t line 1599.
(pdftex.def)             Requested size: 191.87534pt x 108.60616pt.
File: data/result_rect/error/error_anamorph.jpg Graphic file (type jpg)

<use data/result_rect/error/error_anamorph.jpg>
Package pdftex.def Info: data/result_rect/error/error_anamorph.jpg used on inpu
t line 1599.
(pdftex.def)             Requested size: 191.87534pt x 108.60616pt.

Overfull \hbox (5.19687pt too wide) in paragraph at lines 1599--1600
 [][] 
 []


<data/result_rect/error/error_check_anamorph.jpg, id=202, 963.6pt x 542.025pt>
File: data/result_rect/error/error_check_anamorph.jpg Graphic file (type jpg)

<use data/result_rect/error/error_check_anamorph.jpg>
Package pdftex.def Info: data/result_rect/error/error_check_anamorph.jpg used o
n input line 1605.
(pdftex.def)             Requested size: 191.87534pt x 107.92337pt.
File: data/result_rect/error/error_check_anamorph.jpg Graphic file (type jpg)

<use data/result_rect/error/error_check_anamorph.jpg>
Package pdftex.def Info: data/result_rect/error/error_check_anamorph.jpg used o
n input line 1605.
(pdftex.def)             Requested size: 191.87534pt x 107.92337pt.

Overfull \hbox (5.19687pt too wide) in paragraph at lines 1605--1606
 [][] 
 []

<data/result_rect/error/error_corners.png, id=203, 852.18375pt x 481.8pt>
File: data/result_rect/error/error_corners.png Graphic file (type png)

<use data/result_rect/error/error_corners.png>
Package pdftex.def Info: data/result_rect/error/error_corners.png used on input
 line 1621.
(pdftex.def)             Requested size: 298.47348pt x 168.75014pt.
File: data/result_rect/error/error_corners.png Graphic file (type png)

<use data/result_rect/error/error_corners.png>
Package pdftex.def Info: data/result_rect/error/error_corners.png used on input
 line 1621.
(pdftex.def)             Requested size: 298.47348pt x 168.75014pt.
 [43 <./data/result_rect/error/error_anamorph.jpg> <./data/result_rect/error/er
ror_check_anamorph.jpg>]
Underfull \vbox (badness 10000) has occurred while \output is active []

 [44 <./data/result_rect/error/error_corners.png>]
<data/improvedModel/chessCorners.jpg, id=211, 1040.88875pt x 780.9175pt>
File: data/improvedModel/chessCorners.jpg Graphic file (type jpg)

<use data/improvedModel/chessCorners.jpg>
Package pdftex.def Info: data/improvedModel/chessCorners.jpg used on input line
 1659.
(pdftex.def)             Requested size: 172.68663pt x 129.54886pt.
File: data/improvedModel/chessCorners.jpg Graphic file (type jpg)

<use data/improvedModel/chessCorners.jpg>
Package pdftex.def Info: data/improvedModel/chessCorners.jpg used on input line
 1659.
(pdftex.def)             Requested size: 172.68663pt x 129.54886pt.

<data/improvedModel/pre_anamorph.jpg, id=212, 1040.88875pt x 780.9175pt>
File: data/improvedModel/pre_anamorph.jpg Graphic file (type jpg)

<use data/improvedModel/pre_anamorph.jpg>
Package pdftex.def Info: data/improvedModel/pre_anamorph.jpg used on input line
 1669.
(pdftex.def)             Requested size: 172.68663pt x 129.54886pt.
File: data/improvedModel/pre_anamorph.jpg Graphic file (type jpg)

<use data/improvedModel/pre_anamorph.jpg>
Package pdftex.def Info: data/improvedModel/pre_anamorph.jpg used on input line
 1669.
(pdftex.def)             Requested size: 172.68663pt x 129.54886pt.

<data/improvedModel/anamorph.jpg, id=213, 642.4pt x 481.8pt>
File: data/improvedModel/anamorph.jpg Graphic file (type jpg)

<use data/improvedModel/anamorph.jpg>
Package pdftex.def Info: data/improvedModel/anamorph.jpg used on input line 167
4.
(pdftex.def)             Requested size: 172.68663pt x 129.5143pt.
File: data/improvedModel/anamorph.jpg Graphic file (type jpg)
 <use data/improvedModel/anamorph.jpg>
Package pdftex.def Info: data/improvedModel/anamorph.jpg used on input line 167
4.
(pdftex.def)             Requested size: 172.68663pt x 129.5143pt.

<data/improvedModel/check_anamorph.jpg, id=214, 1040.88875pt x 780.9175pt>
File: data/improvedModel/check_anamorph.jpg Graphic file (type jpg)

<use data/improvedModel/check_anamorph.jpg>
Package pdftex.def Info: data/improvedModel/check_anamorph.jpg used on input li
ne 1679.
(pdftex.def)             Requested size: 172.68663pt x 129.54886pt.
File: data/improvedModel/check_anamorph.jpg Graphic file (type jpg)

<use data/improvedModel/check_anamorph.jpg>
Package pdftex.def Info: data/improvedModel/check_anamorph.jpg used on input li
ne 1679.
(pdftex.def)             Requested size: 172.68663pt x 129.54886pt.
 [45 <./data/improvedModel/chessCorners.jpg> <./data/improvedModel/pre_anamorph
.jpg> <./data/improvedModel/anamorph.jpg> <./data/improvedModel/check_anamorph.
jpg>]
Underfull \vbox (badness 10000) has occurred while \output is active []

 [46]
<data/improvedModel/screen_corners.jpg, id=221, 1040.88875pt x 780.9175pt>
File: data/improvedModel/screen_corners.jpg Graphic file (type jpg)

<use data/improvedModel/screen_corners.jpg>
Package pdftex.def Info: data/improvedModel/screen_corners.jpg used on input li
ne 1735.
(pdftex.def)             Requested size: 255.83812pt x 191.94012pt.
File: data/improvedModel/screen_corners.jpg Graphic file (type jpg)

<use data/improvedModel/screen_corners.jpg>
Package pdftex.def Info: data/improvedModel/screen_corners.jpg used on input li
ne 1735.
(pdftex.def)             Requested size: 255.83812pt x 191.94012pt.

Underfull \vbox (badness 10000) has occurred while \output is active []

 [47 <./data/improvedModel/screen_corners.jpg>]
<data/improvedModel/chessboard.jpg, id=225, 642.4pt x 481.8pt>
File: data/improvedModel/chessboard.jpg Graphic file (type jpg)

<use data/improvedModel/chessboard.jpg>
Package pdftex.def Info: data/improvedModel/chessboard.jpg used on input line 1
759.
(pdftex.def)             Requested size: 200.40501pt x 150.30481pt.
File: data/improvedModel/chessboard.jpg Graphic file (type jpg)

<use data/improvedModel/chessboard.jpg>
Package pdftex.def Info: data/improvedModel/chessboard.jpg used on input line 1
759.
(pdftex.def)             Requested size: 200.40501pt x 150.30481pt.

Overfull \hbox (5.41008pt too wide) in paragraph at lines 1759--1760
 [][] 
 []

File: data/improvedModel/chessCorners.jpg Graphic file (type jpg)
<use data/improvedModel/chessCorners.jpg>
Package pdftex.def Info: data/improvedModel/chessCorners.jpg used on input line
 1765.
(pdftex.def)             Requested size: 200.40501pt x 150.34196pt.
File: data/improvedModel/chessCorners.jpg Graphic file (type jpg)

<use data/improvedModel/chessCorners.jpg>
Package pdftex.def Info: data/improvedModel/chessCorners.jpg used on input line
 1765.
(pdftex.def)             Requested size: 200.40501pt x 150.34196pt.

Overfull \hbox (5.41008pt too wide) in paragraph at lines 1765--1766
 [][] 
 []


Underfull \vbox (badness 3229) has occurred while \output is active []

 [48 <./data/improvedModel/chessboard.jpg>]
<data/improvedModel/projectionInCameraCorners.jpg, id=231, 1040.88875pt x 780.9
175pt>
File: data/improvedModel/projectionInCameraCorners.jpg Graphic file (type jpg)
 <use data/improvedModel/projectionInCameraCorners.jpg>
Package pdftex.def Info: data/improvedModel/projectionInCameraCorners.jpg used 
on input line 1799.
(pdftex.def)             Requested size: 200.40501pt x 150.34196pt.
File: data/improvedModel/projectionInCameraCorners.jpg Graphic file (type jpg)

<use data/improvedModel/projectionInCameraCorners.jpg>
Package pdftex.def Info: data/improvedModel/projectionInCameraCorners.jpg used 
on input line 1799.
(pdftex.def)             Requested size: 200.40501pt x 150.34196pt.

Overfull \hbox (5.41008pt too wide) in paragraph at lines 1799--1800
 [][] 
 []

<data/improvedModel/max_rect.jpg, id=232, 1040.88875pt x 780.9175pt>
File: data/improvedModel/max_rect.jpg Graphic file (type jpg)

<use data/improvedModel/max_rect.jpg>
Package pdftex.def Info: data/improvedModel/max_rect.jpg used on input line 180
5.
(pdftex.def)             Requested size: 200.40501pt x 150.34196pt.
File: data/improvedModel/max_rect.jpg Graphic file (type jpg)
 <use data/improvedModel/max_rect.jpg>
Package pdftex.def Info: data/improvedModel/max_rect.jpg used on input line 180
5.
(pdftex.def)             Requested size: 200.40501pt x 150.34196pt.

Overfull \hbox (5.41008pt too wide) in paragraph at lines 1805--1806
 [][] 
 []

File: data/improvedModel/pre_anamorph.jpg Graphic file (type jpg)
<use data/improvedModel/pre_anamorph.jpg>
Package pdftex.def Info: data/improvedModel/pre_anamorph.jpg used on input line
 1811.
(pdftex.def)             Requested size: 200.40501pt x 150.34196pt.
File: data/improvedModel/pre_anamorph.jpg Graphic file (type jpg)

<use data/improvedModel/pre_anamorph.jpg>
Package pdftex.def Info: data/improvedModel/pre_anamorph.jpg used on input line
 1811.
(pdftex.def)             Requested size: 200.40501pt x 150.34196pt.

Overfull \hbox (5.41008pt too wide) in paragraph at lines 1811--1812
 [][] 
 []

[49]
Underfull \vbox (badness 10000) has occurred while \output is active []

 [50 <./data/improvedModel/projectionInCameraCorners.jpg> <./data/improvedModel
/max_rect.jpg>]
<data/improvedModel/error/chessCornersError.jpg, id=239, 650.43pt x 487.8225pt>
File: data/improvedModel/error/chessCornersError.jpg Graphic file (type jpg)
<use data/improvedModel/error/chessCornersError.jpg>
Package pdftex.def Info: data/improvedModel/error/chessCornersError.jpg used on
 input line 1837.
(pdftex.def)             Requested size: 298.47348pt x 223.85768pt.
File: data/improvedModel/error/chessCornersError.jpg Graphic file (type jpg)

<use data/improvedModel/error/chessCornersError.jpg>
Package pdftex.def Info: data/improvedModel/error/chessCornersError.jpg used on
 input line 1837.
(pdftex.def)             Requested size: 298.47348pt x 223.85768pt.
 [51 <./data/improvedModel/error/chessCornersError.jpg>]
Underfull \vbox (badness 10000) has occurred while \output is active []

 [52]
<data/2view/setup/setup2short2.png, id=246, 1245.65375pt x 669.50125pt>
File: data/2view/setup/setup2short2.png Graphic file (type png)

<use data/2view/setup/setup2short2.png>
Package pdftex.def Info: data/2view/setup/setup2short2.png used on input line 1
916.
(pdftex.def)             Requested size: 298.47348pt x 160.41797pt.
 [53] [54 <./data/2view/setup/setup2short2.png>]
<data/2view/setup/2view_Hdiagram.png, id=255, 1272.755pt x 687.56876pt>
File: data/2view/setup/2view_Hdiagram.png Graphic file (type png)

<use data/2view/setup/2view_Hdiagram.png>
Package pdftex.def Info: data/2view/setup/2view_Hdiagram.png used on input line
 1930.
(pdftex.def)             Requested size: 298.47348pt x 161.23245pt.
 [55 <./data/2view/setup/2view_Hdiagram.png>] <data/2view/newChess1.jpg, id=260
, 650.43pt x 487.8225pt>
File: data/2view/newChess1.jpg Graphic file (type jpg)

<use data/2view/newChess1.jpg>
Package pdftex.def Info: data/2view/newChess1.jpg used on input line 1959.
(pdftex.def)             Requested size: 200.40501pt x 150.3004pt.
File: data/2view/newChess1.jpg Graphic file (type jpg)
 <use data/2view/newChess1.jpg>
Package pdftex.def Info: data/2view/newChess1.jpg used on input line 1959.
(pdftex.def)             Requested size: 200.40501pt x 150.3004pt.

Overfull \hbox (5.41008pt too wide) in paragraph at lines 1959--1960
 [][] 
 []

<data/2view/newChess2.jpg, id=261, 650.43pt x 487.8225pt>
File: data/2view/newChess2.jpg Graphic file (type jpg)

<use data/2view/newChess2.jpg>
Package pdftex.def Info: data/2view/newChess2.jpg used on input line 1965.
(pdftex.def)             Requested size: 200.40501pt x 150.3004pt.
File: data/2view/newChess2.jpg Graphic file (type jpg)
 <use data/2view/newChess2.jpg>
Package pdftex.def Info: data/2view/newChess2.jpg used on input line 1965.
(pdftex.def)             Requested size: 200.40501pt x 150.3004pt.

Overfull \hbox (5.41008pt too wide) in paragraph at lines 1965--1966
 [][] 
 []


Underfull \vbox (badness 10000) has occurred while \output is active []

 [56]
[57 <./data/2view/newChess1.jpg> <./data/2view/newChess2.jpg>] [58]
Underfull \vbox (badness 10000) has occurred while \output is active []

 [59]
[60] [61] [62] [63]
 5.

Underfull \vbox (badness 10000) has occurred while \output is active []

 [64

]
[65]

Package rkeyval Warning: Unknown key: \bib'data on input line 2337.


Package rkeyval Warning: Missing comma on input line 2354.

[66

] [67] (./Maya_Sproj.aux) ) 
Here is how much of TeX's memory you used:
 13762 strings out of 493488
 250386 string characters out of 3141326
 306210 words of memory out of 3000000
 16729 multiletter control sequences out of 15000+200000
 15327 words of font info for 56 fonts, out of 3000000 for 9000
 957 hyphenation exceptions out of 8191
 56i,16n,69p,1583b,806s stack positions out of 5000i,500n,10000p,200000b,50000s
</usr/local/texlive/2012/texmf-dist/fonts/type1/publ
ic/amsfonts/cm/cmbx10.pfb></usr/local/texlive/2012/texmf-dist/fonts/type1/publi
c/amsfonts/cm/cmex10.pfb></usr/local/texlive/2012/texmf-dist/fonts/type1/public
/amsfonts/cmextra/cmex8.pfb></usr/local/texlive/2012/texmf-dist/fonts/type1/pub
lic/amsfonts/cm/cmmi10.pfb></usr/local/texlive/2012/texmf-dist/fonts/type1/publ
ic/amsfonts/cm/cmmi6.pfb></usr/local/texlive/2012/texmf-dist/fonts/type1/public
/amsfonts/cm/cmmi8.pfb></usr/local/texlive/2012/texmf-dist/fonts/type1/public/a
msfonts/cm/cmr10.pfb></usr/local/texlive/2012/texmf-dist/fonts/type1/public/ams
fonts/cm/cmr12.pfb></usr/local/texlive/2012/texmf-dist/fonts/type1/public/amsfo
nts/cm/cmr17.pfb></usr/local/texlive/2012/texmf-dist/fonts/type1/public/amsfont
s/cm/cmr6.pfb></usr/local/texlive/2012/texmf-dist/fonts/type1/public/amsfonts/c
m/cmr8.pfb></usr/local/texlive/2012/texmf-dist/fonts/type1/public/amsfonts/cm/c
msl10.pfb></usr/local/texlive/2012/texmf-dist/fonts/type1/public/amsfonts/cm/cm
sy10.pfb></usr/local/texlive/2012/texmf-dist/fonts/type1/public/amsfonts/cm/cms
y8.pfb></usr/local/texlive/2012/texmf-dist/fonts/type1/public/amsfonts/cm/cmti1
0.pfb></usr/local/texlive/2012/texmf-dist/fonts/type1/public/amsfonts/cm/cmti12
.pfb></usr/local/texlive/2012/texmf-dist/fonts/type1/public/amsfonts/cm/cmtt10.
pfb></usr/local/texlive/2012/texmf-dist/fonts/type1/public/amsfonts/symbols/msb
m10.pfb>
Output written on Maya_Sproj.pdf (68 pages, 4211369 bytes).
PDF statistics:
 361 PDF objects out of 1000 (max. 8388607)
 213 compressed objects within 3 object streams
 0 named destinations out of 1000 (max. 500000)
 272 words of extra memory for PDF output out of 10000 (max. 10000000)

